0 info it worked if it ends with ok
1 verbose cli [ '/usr/local/bin/node',
1 verbose cli   '/usr/local/bin/npm',
1 verbose cli   'install',
1 verbose cli   'videojs-youtube' ]
2 info using npm@1.4.21
3 info using node@v0.10.30
4 warn package.json virtualclass@1.0.0 No description
5 warn package.json bcrypt-pbkdf@1.0.1 No repository field.
6 warn package.json dateformat@1.0.2-1.2.3 No repository field.
7 warn package.json punycode@1.4.1 punycode is also the name of a node core module.
8 warn package.json string_decoder@0.10.31 string_decoder is also the name of a node core module.
9 verbose readDependencies using package.json deps
10 verbose cache add [ 'videojs-youtube', null ]
11 verbose cache add name=undefined spec="videojs-youtube" args=["videojs-youtube",null]
12 verbose parsed url { protocol: null,
12 verbose parsed url   slashes: null,
12 verbose parsed url   auth: null,
12 verbose parsed url   host: null,
12 verbose parsed url   port: null,
12 verbose parsed url   hostname: null,
12 verbose parsed url   hash: null,
12 verbose parsed url   search: null,
12 verbose parsed url   query: null,
12 verbose parsed url   pathname: 'videojs-youtube',
12 verbose parsed url   path: 'videojs-youtube',
12 verbose parsed url   href: 'videojs-youtube' }
13 silly lockFile 125723b6-videojs-youtube videojs-youtube
14 verbose lock videojs-youtube /home/nirmala/.npm/125723b6-videojs-youtube.lock
15 silly lockFile 125723b6-videojs-youtube videojs-youtube
16 silly lockFile 125723b6-videojs-youtube videojs-youtube
17 verbose addNamed [ 'videojs-youtube', '' ]
18 verbose addNamed [ null, '*' ]
19 silly lockFile 0450580f-videojs-youtube videojs-youtube@
20 verbose lock videojs-youtube@ /home/nirmala/.npm/0450580f-videojs-youtube.lock
21 silly addNameRange { name: 'videojs-youtube', range: '*', hasData: false }
22 verbose request where is /videojs-youtube
23 verbose request registry https://registry.npmjs.org/
24 verbose request id 540394463c6d0f97
25 verbose url raw /videojs-youtube
26 verbose url resolving [ 'https://registry.npmjs.org/', './videojs-youtube' ]
27 verbose url resolved https://registry.npmjs.org/videojs-youtube
28 verbose request where is https://registry.npmjs.org/videojs-youtube
29 info trying registry request attempt 1 at 14:41:31
30 verbose etag W/"5922d864-b972"
31 http GET https://registry.npmjs.org/videojs-youtube
32 http 304 https://registry.npmjs.org/videojs-youtube
33 silly registry.get cb [ 304,
33 silly registry.get   { date: 'Fri, 22 Sep 2017 09:11:31 GMT',
33 silly registry.get     via: '1.1 varnish',
33 silly registry.get     'cache-control': 'max-age=300',
33 silly registry.get     etag: 'W/"5922d864-b972"',
33 silly registry.get     age: '0',
33 silly registry.get     connection: 'keep-alive',
33 silly registry.get     'x-served-by': 'cache-sin18031-SIN',
33 silly registry.get     'x-cache': 'MISS',
33 silly registry.get     'x-cache-hits': '0',
33 silly registry.get     'x-timer': 'S1506071492.755840,VS0,VE370',
33 silly registry.get     vary: 'Accept-Encoding, Accept' } ]
34 verbose etag https://registry.npmjs.org/videojs-youtube from cache
35 silly addNameRange number 2 { name: 'videojs-youtube', range: '*', hasData: true }
36 silly addNameRange versions [ 'videojs-youtube',
36 silly addNameRange   [ '1.1.0',
36 silly addNameRange     '1.2.0',
36 silly addNameRange     '1.2.1',
36 silly addNameRange     '1.2.2',
36 silly addNameRange     '1.2.3',
36 silly addNameRange     '1.2.4',
36 silly addNameRange     '1.2.5',
36 silly addNameRange     '1.2.7',
36 silly addNameRange     '1.2.8',
36 silly addNameRange     '1.2.9',
36 silly addNameRange     '1.2.10',
36 silly addNameRange     '1.2.11',
36 silly addNameRange     '1.2.12',
36 silly addNameRange     '1.2.13',
36 silly addNameRange     '2.0.0',
36 silly addNameRange     '2.0.1',
36 silly addNameRange     '2.0.2',
36 silly addNameRange     '2.0.3',
36 silly addNameRange     '2.0.4',
36 silly addNameRange     '2.0.5',
36 silly addNameRange     '2.0.6',
36 silly addNameRange     '2.0.7',
36 silly addNameRange     '2.0.8',
36 silly addNameRange     '2.1.0',
36 silly addNameRange     '2.1.1',
36 silly addNameRange     '2.2.0',
36 silly addNameRange     '2.3.0',
36 silly addNameRange     '2.3.1',
36 silly addNameRange     '2.3.2',
36 silly addNameRange     '2.4.0' ] ]
37 verbose addNamed [ 'videojs-youtube', '2.4.0' ]
38 verbose addNamed [ '2.4.0', '2.4.0' ]
39 silly lockFile 9ba97522-videojs-youtube-2-4-0 videojs-youtube@2.4.0
40 verbose lock videojs-youtube@2.4.0 /home/nirmala/.npm/9ba97522-videojs-youtube-2-4-0.lock
41 silly lockFile 9ba97522-videojs-youtube-2-4-0 videojs-youtube@2.4.0
42 silly lockFile 9ba97522-videojs-youtube-2-4-0 videojs-youtube@2.4.0
43 silly lockFile 0450580f-videojs-youtube videojs-youtube@
44 silly lockFile 0450580f-videojs-youtube videojs-youtube@
45 silly resolved [ { name: 'videojs-youtube',
45 silly resolved     description: 'YouTube playback technology for Video.js',
45 silly resolved     version: '2.4.0',
45 silly resolved     author: { name: 'Benoit Tremblay' },
45 silly resolved     main: 'dist/Youtube.js',
45 silly resolved     license: 'MIT',
45 silly resolved     keywords: [ 'video', 'videojs', 'video.js', 'vjs', 'YouTube', 'tech' ],
45 silly resolved     repository:
45 silly resolved      { type: 'git',
45 silly resolved        url: 'git+https://github.com/videojs/videojs-youtube.git' },
45 silly resolved     peerDependencies: { 'video.js': '5.x' },
45 silly resolved     scripts:
45 silly resolved      { build: 'mkdirp dist && cp src/Youtube.js dist/Youtube.js && uglifyjs src/Youtube.js -o dist/Youtube.min.js',
45 silly resolved        lint: 'jshint .',
45 silly resolved        test: 'karma start --single-run',
45 silly resolved        validate: 'npm ls',
45 silly resolved        version: 'npm run build && git add -f dist' },
45 silly resolved     'pre-commit': [ 'lint' ],
45 silly resolved     devDependencies:
45 silly resolved      { 'http-server': '^0.10.0',
45 silly resolved        'jasmine-core': '^2.3.4',
45 silly resolved        jshint: '^2.8.0',
45 silly resolved        karma: '^1.3.0',
45 silly resolved        'karma-chrome-launcher': '^2.0.0',
45 silly resolved        'karma-jasmine': '^1.0.2',
45 silly resolved        mkdirp: '^0.5.1',
45 silly resolved        'precommit-hook': '^3.0.0',
45 silly resolved        'uglify-js': '^2.4.23' },
45 silly resolved     dependencies: { 'video.js': '^5.6.0' },
45 silly resolved     gitHead: '91fed7a409f9cc5ac0706c42ec18fbfc5beb4a9a',
45 silly resolved     bugs: { url: 'https://github.com/videojs/videojs-youtube/issues' },
45 silly resolved     homepage: 'https://github.com/videojs/videojs-youtube#readme',
45 silly resolved     _id: 'videojs-youtube@2.4.0',
45 silly resolved     _shasum: '223d1106a8ea1970daacf7cfb556ee35a88aaf1e',
45 silly resolved     _from: 'videojs-youtube@',
45 silly resolved     _npmVersion: '2.15.6',
45 silly resolved     _nodeVersion: '4.4.3',
45 silly resolved     _npmUser: { name: 'gkatsev', email: 'me@gkatsev.com' },
45 silly resolved     dist:
45 silly resolved      { shasum: '223d1106a8ea1970daacf7cfb556ee35a88aaf1e',
45 silly resolved        tarball: 'https://registry.npmjs.org/videojs-youtube/-/videojs-youtube-2.4.0.tgz' },
45 silly resolved     maintainers: [ [Object], [Object], [Object], [Object] ],
45 silly resolved     _npmOperationalInternal:
45 silly resolved      { host: 'packages-12-west.internal.npmjs.com',
45 silly resolved        tmp: 'tmp/videojs-youtube-2.4.0.tgz_1494371866787_0.48607309185899794' },
45 silly resolved     directories: {},
45 silly resolved     _resolved: 'https://registry.npmjs.org/videojs-youtube/-/videojs-youtube-2.4.0.tgz',
45 silly resolved     readme: 'ERROR: No README data found!' } ]
46 info install videojs-youtube@2.4.0 into /var/www/html/moodle322/mod/congrea/bundle/virtualclass
47 info installOne videojs-youtube@2.4.0
48 verbose node_modules/videojs-youtube unbuild
49 verbose tar unpack /home/nirmala/.npm/videojs-youtube/2.4.0/package.tgz
50 silly lockFile 38f82ed4-ass-node-modules-videojs-youtube tar:///var/www/html/moodle322/mod/congrea/bundle/virtualclass/node_modules/videojs-youtube
51 verbose lock tar:///var/www/html/moodle322/mod/congrea/bundle/virtualclass/node_modules/videojs-youtube /home/nirmala/.npm/38f82ed4-ass-node-modules-videojs-youtube.lock
52 silly lockFile 82c3ee47-ideojs-youtube-2-4-0-package-tgz tar:///home/nirmala/.npm/videojs-youtube/2.4.0/package.tgz
53 verbose lock tar:///home/nirmala/.npm/videojs-youtube/2.4.0/package.tgz /home/nirmala/.npm/82c3ee47-ideojs-youtube-2-4-0-package-tgz.lock
54 silly gunzTarPerm modes [ '775', '664' ]
55 error Error: EACCES, mkdir '/var/www/html/moodle322/mod/congrea/bundle/virtualclass/node_modules/videojs-youtube'
55 error  { [Error: EACCES, mkdir '/var/www/html/moodle322/mod/congrea/bundle/virtualclass/node_modules/videojs-youtube']
55 error   errno: 3,
55 error   code: 'EACCES',
55 error   path: '/var/www/html/moodle322/mod/congrea/bundle/virtualclass/node_modules/videojs-youtube',
55 error   fstream_type: 'Directory',
55 error   fstream_path: '/var/www/html/moodle322/mod/congrea/bundle/virtualclass/node_modules/videojs-youtube',
55 error   fstream_class: 'DirWriter',
55 error   fstream_stack:
55 error    [ '/usr/local/lib/node_modules/npm/node_modules/fstream/lib/dir-writer.js:36:23',
55 error      '/usr/local/lib/node_modules/npm/node_modules/mkdirp/index.js:37:53',
55 error      'Object.oncomplete (fs.js:107:15)' ] }
56 error Please try running this command again as root/Administrator.
57 error System Linux 3.10.0-327.36.3.el7.x86_64
58 error command "/usr/local/bin/node" "/usr/local/bin/npm" "install" "videojs-youtube"
59 error cwd /var/www/html/moodle322/mod/congrea/bundle/virtualclass
60 error node -v v0.10.30
61 error npm -v 1.4.21
62 error path /var/www/html/moodle322/mod/congrea/bundle/virtualclass/node_modules/videojs-youtube
63 error fstream_path /var/www/html/moodle322/mod/congrea/bundle/virtualclass/node_modules/videojs-youtube
64 error fstream_type Directory
65 error fstream_class DirWriter
66 error code EACCES
67 error errno 3
68 error stack Error: EACCES, mkdir '/var/www/html/moodle322/mod/congrea/bundle/virtualclass/node_modules/videojs-youtube'
69 error fstream_stack /usr/local/lib/node_modules/npm/node_modules/fstream/lib/dir-writer.js:36:23
69 error fstream_stack /usr/local/lib/node_modules/npm/node_modules/mkdirp/index.js:37:53
69 error fstream_stack Object.oncomplete (fs.js:107:15)
70 verbose exit [ 3, true ]
